2021-03-16 14:48:05.923 [main] INFO  com.course.Application - Starting Application v1.0-SNAPSHOT on LAPTOP-K7BKCQK9 with PID 14356 (D:\IdeaProjects\javaautotest\Chaper13\target\Chaper13-1.0-SNAPSHOT.jar started by liliking in D:\IdeaProjects\javaautotest\Chaper13\target)
2021-03-16 14:48:05.929 [main] INFO  com.course.Application - No active profile set, falling back to default profiles: default
2021-03-16 14:48:06.817 [main] WARN  org.mybatis.spring.mapper.ClassPathMapperScanner - No MyBatis mapper was found in '[com.course]' package. Please check your configuration.
2021-03-16 14:48:07.133 [main] INFO  o.s.context.support.PostProcessorRegistrationDelegate$BeanPostProcessorChecker - Bean 'org.springframework.transaction.annotation.ProxyTransactionManagementConfiguration' of type [org.springframework.transaction.annotation.ProxyTransactionManagementConfiguration$$EnhancerBySpringCGLIB$$df477ee1] is not eligible for getting processed by all BeanPostProcessors (for example: not eligible for auto-proxying)
2021-03-16 14:48:07.824 [main] INFO  org.springframework.boot.web.embedded.tomcat.TomcatWebServer - Tomcat initialized with port(s): 8890 (http)
2021-03-16 14:48:07.848 [main] INFO  org.apache.catalina.core.StandardService - Starting service [Tomcat]
2021-03-16 14:48:07.849 [main] INFO  org.apache.catalina.core.StandardEngine - Starting Servlet Engine: Apache Tomcat/9.0.12
2021-03-16 14:48:07.859 [main] INFO  org.apache.catalina.core.AprLifecycleListener - The APR based Apache Tomcat Native library which allows optimal performance in production environments was not found on the java.library.path: [C:\Program Files (x86)\Common Files\Oracle\Java\javapath;C:\Windows\Sun\Java\bin;C:\Windows\system32;C:\Windows;C:\Program Files (x86)\Common Files\Oracle\Java\javapath;D:\Python39\Scripts\;D:\Python39\;C:\Users\liliking\python38\;C:\Users\liliking\python38\Scripts\;C:\Program Files\Python39\Scripts\;C:\Program Files\Python39\;C:\Program Files\Java\jdk-11.0.8\bin;C:\Program Files\Java\jdk-11.0.8\jre\bin;C:\Program Files\Common Files\Oracle\Java\javapath;C:\Program Files (x86)\NetSarang\Xshell 6\;C:\Windows\system32;C:\Windows;C:\Windows\System32\Wbem;C:\Windows\System32\WindowsPowerShell\v1.0\;C:\Windows\System32\OpenSSH\;D:\allure-2.13.5\bin;C:\Users\liliking\Python38\;C:\Users\liliking\Python38\Scripts;D:\Snipaste-2.5.6-Beta-x64;D:\apache-maven-3.6.3-bin\apache-maven-3.6.3\bin;D:\Git\cmd;C:\Users\liliking\python38\Scripts\;C:\Users\liliking\python38\;C:\Users\liliking\Scripts\;C:\Users\liliking\;C:\Users\liliking\AppData\Local\Microsoft\WindowsApps;;D:\PyCharm Community Edition 2020.3.3\bin;;D:\Fiddler;D:\idea-3\IntelliJ IDEA 2020.1.1\bin;;.]
2021-03-16 14:48:08.389 [main] INFO  org.apache.catalina.core.ContainerBase.[Tomcat].[localhost].[/] - Initializing Spring embedded WebApplicationContext
2021-03-16 14:48:08.390 [main] INFO  org.springframework.web.context.ContextLoader - Root WebApplicationContext: initialization completed in 2404 ms
2021-03-16 14:48:08.426 [main] INFO  org.springframework.boot.web.servlet.ServletRegistrationBean - Servlet dispatcherServlet mapped to [/]
2021-03-16 14:48:08.432 [main] INFO  org.springframework.boot.web.servlet.FilterRegistrationBean - Mapping filter: 'characterEncodingFilter' to: [/*]
2021-03-16 14:48:08.432 [main] INFO  org.springframework.boot.web.servlet.FilterRegistrationBean - Mapping filter: 'hiddenHttpMethodFilter' to: [/*]
2021-03-16 14:48:08.432 [main] INFO  org.springframework.boot.web.servlet.FilterRegistrationBean - Mapping filter: 'formContentFilter' to: [/*]
2021-03-16 14:48:08.433 [main] INFO  org.springframework.boot.web.servlet.FilterRegistrationBean - Mapping filter: 'requestContextFilter' to: [/*]
2021-03-16 14:48:09.387 [main] INFO  springfox.documentation.spring.web.PropertySourcedRequestMappingHandlerMapping - Mapped URL path [/v2/api-docs] onto method [public org.springframework.http.ResponseEntity<springfox.documentation.spring.web.json.Json> springfox.documentation.swagger2.web.Swagger2Controller.getDocumentation(java.lang.String,javax.servlet.http.HttpServletRequest)]
2021-03-16 14:48:09.552 [main] INFO  org.springframework.scheduling.concurrent.ThreadPoolTaskExecutor - Initializing ExecutorService 'applicationTaskExecutor'
2021-03-16 14:48:09.895 [main] INFO  org.springframework.scheduling.concurrent.ThreadPoolTaskScheduler - Initializing ExecutorService 'taskScheduler'
2021-03-16 14:48:09.959 [main] INFO  springfox.documentation.spring.web.plugins.DocumentationPluginsBootstrapper - Context refreshed
2021-03-16 14:48:09.998 [main] INFO  springfox.documentation.spring.web.plugins.DocumentationPluginsBootstrapper - Found 1 custom documentation plugin(s)
2021-03-16 14:48:10.038 [main] INFO  springfox.documentation.spring.web.scanners.ApiListingReferenceScanner - Scanning for api listing references
2021-03-16 14:48:10.325 [main] INFO  org.springframework.boot.web.embedded.tomcat.TomcatWebServer - Tomcat started on port(s): 8890 (http) with context path ''
2021-03-16 14:48:10.328 [main] INFO  com.course.Application - Started Application in 4.848 seconds (JVM running for 5.58)
