2021-03-15 18:50:38.414  INFO 11552 --- [main] com.course.Application                   : Starting Application on LAPTOP-K7BKCQK9 with PID 11552 (D:\IdeaProjects\javaautotest\Chaper13\target\classes started by liliking in D:\IdeaProjects\javaautotest)
2021-03-15 18:50:38.419  INFO 11552 --- [main] com.course.Application                   : No active profile set, falling back to default profiles: default
2021-03-15 18:50:39.413  WARN 11552 --- [main] o.m.s.mapper.ClassPathMapperScanner      : No MyBatis mapper was found in '[com.course]' package. Please check your configuration.
2021-03-15 18:50:39.655  INFO 11552 --- [main] trationDelegate$BeanPostProcessorChecker : Bean 'org.springframework.transaction.annotation.ProxyTransactionManagementConfiguration' of type [org.springframework.transaction.annotation.ProxyTransactionManagementConfiguration$$EnhancerBySpringCGLIB$$521fa6a2] is not eligible for getting processed by all BeanPostProcessors (for example: not eligible for auto-proxying)
2021-03-15 18:50:39.873  INFO 11552 --- [main] o.s.b.w.embedded.tomcat.TomcatWebServer  : Tomcat initialized with port(s): 8890 (http)
2021-03-15 18:50:39.885  INFO 11552 --- [main] o.apache.catalina.core.StandardService   : Starting service [Tomcat]
2021-03-15 18:50:39.885  INFO 11552 --- [main] org.apache.catalina.core.StandardEngine  : Starting Servlet Engine: Apache Tomcat/9.0.12
2021-03-15 18:50:39.889  INFO 11552 --- [main] o.a.catalina.core.AprLifecycleListener   : The APR based Apache Tomcat Native library which allows optimal performance in production environments was not found on the java.library.path: [C:\Program Files\Java\jdk1.8.0_281\bin;C:\Windows\Sun\Java\bin;C:\Windows\system32;C:\Windows;C:\Program Files (x86)\Common Files\Oracle\Java\javapath;D:\Python39\Scripts\;D:\Python39\;C:\Users\liliking\python38\;C:\Users\liliking\python38\Scripts\;C:\Program Files\Python39\Scripts\;C:\Program Files\Python39\;C:\Program Files\Java\jdk-11.0.8\bin;C:\Program Files\Java\jdk-11.0.8\jre\bin;C:\Program Files\Common Files\Oracle\Java\javapath;C:\Program Files (x86)\NetSarang\Xshell 6\;C:\Windows\system32;C:\Windows;C:\Windows\System32\Wbem;C:\Windows\System32\WindowsPowerShell\v1.0\;C:\Windows\System32\OpenSSH\;D:\allure-2.13.5\bin;C:\Users\liliking\Python38\;C:\Users\liliking\Python38\Scripts;D:\Snipaste-2.5.6-Beta-x64;D:\apache-maven-3.6.3-bin\apache-maven-3.6.3\bin;D:\Git\cmd;C:\Users\liliking\python38\Scripts\;C:\Users\liliking\python38\;C:\Users\liliking\Scripts\;C:\Users\liliking\;C:\Users\liliking\AppData\Local\Microsoft\WindowsApps;;D:\PyCharm Community Edition 2020.3.3\bin;;D:\Fiddler;D:\idea-3\IntelliJ IDEA 2020.1.1\bin;;.]
2021-03-15 18:50:39.973  INFO 11552 --- [main] o.a.c.c.C.[Tomcat].[localhost].[/]       : Initializing Spring embedded WebApplicationContext
2021-03-15 18:50:39.974  INFO 11552 --- [main] o.s.web.context.ContextLoader            : Root WebApplicationContext: initialization completed in 1504 ms
2021-03-15 18:50:39.995  INFO 11552 --- [main] o.s.b.w.servlet.ServletRegistrationBean  : Servlet dispatcherServlet mapped to [/]
2021-03-15 18:50:39.998  INFO 11552 --- [main] o.s.b.w.servlet.FilterRegistrationBean   : Mapping filter: 'characterEncodingFilter' to: [/*]
2021-03-15 18:50:39.998  INFO 11552 --- [main] o.s.b.w.servlet.FilterRegistrationBean   : Mapping filter: 'hiddenHttpMethodFilter' to: [/*]
2021-03-15 18:50:39.999  INFO 11552 --- [main] o.s.b.w.servlet.FilterRegistrationBean   : Mapping filter: 'formContentFilter' to: [/*]
2021-03-15 18:50:39.999  INFO 11552 --- [main] o.s.b.w.servlet.FilterRegistrationBean   : Mapping filter: 'requestContextFilter' to: [/*]
2021-03-15 18:50:40.447  INFO 11552 --- [main] pertySourcedRequestMappingHandlerMapping : Mapped URL path [/v2/api-docs] onto method [public org.springframework.http.ResponseEntity<springfox.documentation.spring.web.json.Json> springfox.documentation.swagger2.web.Swagger2Controller.getDocumentation(java.lang.String,javax.servlet.http.HttpServletRequest)]
2021-03-15 18:50:40.535  INFO 11552 --- [main] o.s.s.concurrent.ThreadPoolTaskExecutor  : Initializing ExecutorService 'applicationTaskExecutor'
2021-03-15 18:50:40.635  INFO 11552 --- [main] o.s.s.c.ThreadPoolTaskScheduler          : Initializing ExecutorService 'taskScheduler'
2021-03-15 18:50:40.669  INFO 11552 --- [main] d.s.w.p.DocumentationPluginsBootstrapper : Context refreshed
2021-03-15 18:50:40.680  INFO 11552 --- [main] d.s.w.p.DocumentationPluginsBootstrapper : Found 1 custom documentation plugin(s)
2021-03-15 18:50:40.700  INFO 11552 --- [main] s.d.s.w.s.ApiListingReferenceScanner     : Scanning for api listing references
2021-03-15 18:50:40.847  INFO 11552 --- [main] o.s.b.w.embedded.tomcat.TomcatWebServer  : Tomcat started on port(s): 8890 (http) with context path ''
2021-03-15 18:50:40.850  INFO 11552 --- [main] com.course.Application                   : Started Application in 2.796 seconds (JVM running for 3.586)
