2021-03-17 11:17:44.303 [main] INFO  com.course.Application - Starting Application on LAPTOP-K7BKCQK9 with PID 2892 (D:\IdeaProjects\javaautotest\Chaper13\target\classes started by liliking in D:\IdeaProjects\javaautotest)
2021-03-17 11:17:44.313 [main] INFO  com.course.Application - No active profile set, falling back to default profiles: default
2021-03-17 11:17:44.964 [main] WARN  org.mybatis.spring.mapper.ClassPathMapperScanner - No MyBatis mapper was found in '[com.course]' package. Please check your configuration.
2021-03-17 11:17:45.165 [main] INFO  o.s.context.support.PostProcessorRegistrationDelegate$BeanPostProcessorChecker - Bean 'org.springframework.transaction.annotation.ProxyTransactionManagementConfiguration' of type [org.springframework.transaction.annotation.ProxyTransactionManagementConfiguration$$EnhancerBySpringCGLIB$$3b8bde85] is not eligible for getting processed by all BeanPostProcessors (for example: not eligible for auto-proxying)
2021-03-17 11:17:45.430 [main] INFO  org.springframework.boot.web.embedded.tomcat.TomcatWebServer - Tomcat initialized with port(s): 8890 (http)
2021-03-17 11:17:45.446 [main] INFO  org.apache.catalina.core.StandardService - Starting service [Tomcat]
2021-03-17 11:17:45.446 [main] INFO  org.apache.catalina.core.StandardEngine - Starting Servlet Engine: Apache Tomcat/9.0.12
2021-03-17 11:17:45.446 [main] INFO  org.apache.catalina.core.AprLifecycleListener - The APR based Apache Tomcat Native library which allows optimal performance in production environments was not found on the java.library.path: [C:\Program Files\Java\jdk1.8.0_281\bin;C:\Windows\Sun\Java\bin;C:\Windows\system32;C:\Windows;C:\Program Files\Java\jdk1.8.0_281\bin;C:\Program Files\Java\jdk1.8.0_281\jre\bin;C:\Program Files (x86)\Common Files\Oracle\Java\javapath;D:\Python39\Scripts\;D:\Python39\;C:\Users\liliking\python38\;C:\Users\liliking\python38\Scripts\;C:\Program Files\Python39\Scripts\;C:\Program Files\Python39\;C:\Program Files (x86)\NetSarang\Xshell 6\;C:\Windows\system32;C:\Windows;C:\Windows\System32\Wbem;C:\Windows\System32\WindowsPowerShell\v1.0\;C:\Windows\System32\OpenSSH\;D:\allure-2.13.5\bin;C:\Users\liliking\Python38\;C:\Users\liliking\Python38\Scripts;D:\Snipaste-2.5.6-Beta-x64;D:\apache-maven-3.6.3\apache-maven-3.6.3;D:\Git\cmd;C:\Users\liliking\python38\Scripts\;C:\Users\liliking\python38\;C:\Users\liliking\Scripts\;C:\Users\liliking\;C:\Users\liliking\AppData\Local\Microsoft\WindowsApps;;D:\PyCharm Community Edition 2020.3.3\bin;;D:\Fiddler;D:\idea-3\IntelliJ IDEA 2020.1.1\bin;;.]
2021-03-17 11:17:45.546 [main] INFO  org.apache.catalina.core.ContainerBase.[Tomcat].[localhost].[/] - Initializing Spring embedded WebApplicationContext
2021-03-17 11:17:45.546 [main] INFO  org.springframework.web.context.ContextLoader - Root WebApplicationContext: initialization completed in 1199 ms
2021-03-17 11:17:45.562 [main] INFO  org.springframework.boot.web.servlet.ServletRegistrationBean - Servlet dispatcherServlet mapped to [/]
2021-03-17 11:17:45.577 [main] INFO  org.springframework.boot.web.servlet.FilterRegistrationBean - Mapping filter: 'characterEncodingFilter' to: [/*]
2021-03-17 11:17:45.577 [main] INFO  org.springframework.boot.web.servlet.FilterRegistrationBean - Mapping filter: 'hiddenHttpMethodFilter' to: [/*]
2021-03-17 11:17:45.577 [main] INFO  org.springframework.boot.web.servlet.FilterRegistrationBean - Mapping filter: 'formContentFilter' to: [/*]
2021-03-17 11:17:45.577 [main] INFO  org.springframework.boot.web.servlet.FilterRegistrationBean - Mapping filter: 'requestContextFilter' to: [/*]
2021-03-17 11:17:46.063 [main] INFO  springfox.documentation.spring.web.PropertySourcedRequestMappingHandlerMapping - Mapped URL path [/v2/api-docs] onto method [public org.springframework.http.ResponseEntity<springfox.documentation.spring.web.json.Json> springfox.documentation.swagger2.web.Swagger2Controller.getDocumentation(java.lang.String,javax.servlet.http.HttpServletRequest)]
2021-03-17 11:17:46.163 [main] INFO  org.springframework.scheduling.concurrent.ThreadPoolTaskExecutor - Initializing ExecutorService 'applicationTaskExecutor'
2021-03-17 11:17:46.264 [main] INFO  org.springframework.scheduling.concurrent.ThreadPoolTaskScheduler - Initializing ExecutorService 'taskScheduler'
2021-03-17 11:17:46.295 [main] INFO  springfox.documentation.spring.web.plugins.DocumentationPluginsBootstrapper - Context refreshed
2021-03-17 11:17:46.317 [main] INFO  springfox.documentation.spring.web.plugins.DocumentationPluginsBootstrapper - Found 1 custom documentation plugin(s)
2021-03-17 11:17:46.333 [main] INFO  springfox.documentation.spring.web.scanners.ApiListingReferenceScanner - Scanning for api listing references
2021-03-17 11:17:46.496 [main] INFO  org.springframework.boot.web.embedded.tomcat.TomcatWebServer - Tomcat started on port(s): 8890 (http) with context path ''
2021-03-17 11:17:46.496 [main] INFO  com.course.Application - Started Application in 2.665 seconds (JVM running for 4.755)
2021-03-17 14:26:03.699 [main] INFO  com.course.Application - Starting Application on LAPTOP-K7BKCQK9 with PID 11944 (D:\IdeaProjects\javaautotest\Chaper13\target\classes started by liliking in D:\IdeaProjects\javaautotest)
2021-03-17 14:26:03.703 [main] INFO  com.course.Application - No active profile set, falling back to default profiles: default
2021-03-17 14:26:04.718 [main] WARN  org.mybatis.spring.mapper.ClassPathMapperScanner - No MyBatis mapper was found in '[com.course]' package. Please check your configuration.
2021-03-17 14:26:05.059 [main] INFO  o.s.context.support.PostProcessorRegistrationDelegate$BeanPostProcessorChecker - Bean 'org.springframework.transaction.annotation.ProxyTransactionManagementConfiguration' of type [org.springframework.transaction.annotation.ProxyTransactionManagementConfiguration$$EnhancerBySpringCGLIB$$6120f87] is not eligible for getting processed by all BeanPostProcessors (for example: not eligible for auto-proxying)
2021-03-17 14:26:05.432 [main] INFO  org.springframework.boot.web.embedded.tomcat.TomcatWebServer - Tomcat initialized with port(s): 8890 (http)
2021-03-17 14:26:05.453 [main] INFO  org.apache.catalina.core.StandardService - Starting service [Tomcat]
2021-03-17 14:26:05.454 [main] INFO  org.apache.catalina.core.StandardEngine - Starting Servlet Engine: Apache Tomcat/9.0.12
2021-03-17 14:26:05.461 [main] INFO  org.apache.catalina.core.AprLifecycleListener - The APR based Apache Tomcat Native library which allows optimal performance in production environments was not found on the java.library.path: [C:\Program Files\Java\jdk1.8.0_281\bin;C:\Windows\Sun\Java\bin;C:\Windows\system32;C:\Windows;C:\Program Files\Java\jdk1.8.0_281\bin;C:\Program Files\Java\jdk1.8.0_281\jre\bin;C:\Program Files (x86)\Common Files\Oracle\Java\javapath;D:\Python39\Scripts\;D:\Python39\;C:\Users\liliking\python38\;C:\Users\liliking\python38\Scripts\;C:\Program Files\Python39\Scripts\;C:\Program Files\Python39\;C:\Program Files (x86)\NetSarang\Xshell 6\;C:\Windows\system32;C:\Windows;C:\Windows\System32\Wbem;C:\Windows\System32\WindowsPowerShell\v1.0\;C:\Windows\System32\OpenSSH\;D:\allure-2.13.5\bin;C:\Users\liliking\Python38\;C:\Users\liliking\Python38\Scripts;D:\Snipaste-2.5.6-Beta-x64;D:\apache-maven-3.6.3\apache-maven-3.6.3\bin;D:\Git\cmd;C:\Users\liliking\python38\Scripts\;C:\Users\liliking\python38\;C:\Users\liliking\Scripts\;C:\Users\liliking\;C:\Users\liliking\AppData\Local\Microsoft\WindowsApps;;D:\PyCharm Community Edition 2020.3.3\bin;;D:\Fiddler;D:\idea-3\IntelliJ IDEA 2020.1.1\bin;;.]
2021-03-17 14:26:05.582 [main] INFO  org.apache.catalina.core.ContainerBase.[Tomcat].[localhost].[/] - Initializing Spring embedded WebApplicationContext
2021-03-17 14:26:05.582 [main] INFO  org.springframework.web.context.ContextLoader - Root WebApplicationContext: initialization completed in 1825 ms
2021-03-17 14:26:05.618 [main] INFO  org.springframework.boot.web.servlet.ServletRegistrationBean - Servlet dispatcherServlet mapped to [/]
2021-03-17 14:26:05.624 [main] INFO  org.springframework.boot.web.servlet.FilterRegistrationBean - Mapping filter: 'characterEncodingFilter' to: [/*]
2021-03-17 14:26:05.624 [main] INFO  org.springframework.boot.web.servlet.FilterRegistrationBean - Mapping filter: 'hiddenHttpMethodFilter' to: [/*]
2021-03-17 14:26:05.624 [main] INFO  org.springframework.boot.web.servlet.FilterRegistrationBean - Mapping filter: 'formContentFilter' to: [/*]
2021-03-17 14:26:05.624 [main] INFO  org.springframework.boot.web.servlet.FilterRegistrationBean - Mapping filter: 'requestContextFilter' to: [/*]
2021-03-17 14:26:06.509 [main] INFO  springfox.documentation.spring.web.PropertySourcedRequestMappingHandlerMapping - Mapped URL path [/v2/api-docs] onto method [public org.springframework.http.ResponseEntity<springfox.documentation.spring.web.json.Json> springfox.documentation.swagger2.web.Swagger2Controller.getDocumentation(java.lang.String,javax.servlet.http.HttpServletRequest)]
2021-03-17 14:26:06.691 [main] INFO  org.springframework.scheduling.concurrent.ThreadPoolTaskExecutor - Initializing ExecutorService 'applicationTaskExecutor'
2021-03-17 14:26:06.869 [main] INFO  org.springframework.scheduling.concurrent.ThreadPoolTaskScheduler - Initializing ExecutorService 'taskScheduler'
2021-03-17 14:26:06.913 [main] INFO  springfox.documentation.spring.web.plugins.DocumentationPluginsBootstrapper - Context refreshed
2021-03-17 14:26:06.929 [main] INFO  springfox.documentation.spring.web.plugins.DocumentationPluginsBootstrapper - Found 1 custom documentation plugin(s)
2021-03-17 14:26:06.955 [main] INFO  springfox.documentation.spring.web.scanners.ApiListingReferenceScanner - Scanning for api listing references
2021-03-17 14:26:07.143 [main] ERROR org.apache.catalina.util.LifecycleBase - Failed to start component [Connector[HTTP/1.1-8890]]
org.apache.catalina.LifecycleException: Protocol handler start failed
	at org.apache.catalina.connector.Connector.startInternal(Connector.java:960)
	at org.apache.catalina.util.LifecycleBase.start(LifecycleBase.java:183)
	at org.apache.catalina.core.StandardService.addConnector(StandardService.java:225)
	at org.springframework.boot.web.embedded.tomcat.TomcatWebServer.addPreviouslyRemovedConnectors(TomcatWebServer.java:259)
	at org.springframework.boot.web.embedded.tomcat.TomcatWebServer.start(TomcatWebServer.java:197)
	at org.springframework.boot.web.servlet.context.ServletWebServerApplicationContext.startWebServer(ServletWebServerApplicationContext.java:300)
	at org.springframework.boot.web.servlet.context.ServletWebServerApplicationContext.finishRefresh(ServletWebServerApplicationContext.java:162)
	at org.springframework.context.support.AbstractApplicationContext.refresh(AbstractApplicationContext.java:549)
	at org.springframework.boot.web.servlet.context.ServletWebServerApplicationContext.refresh(ServletWebServerApplicationContext.java:140)
	at org.springframework.boot.SpringApplication.refresh(SpringApplication.java:775)
	at org.springframework.boot.SpringApplication.refreshContext(SpringApplication.java:397)
	at org.springframework.boot.SpringApplication.run(SpringApplication.java:316)
	at org.springframework.boot.SpringApplication.run(SpringApplication.java:1260)
	at org.springframework.boot.SpringApplication.run(SpringApplication.java:1248)
	at com.course.Application.main(Application.java:17)
Caused by: java.net.BindException: Address already in use: bind
	at sun.nio.ch.Net.bind0(Native Method)
	at sun.nio.ch.Net.bind(Net.java:444)
	at sun.nio.ch.Net.bind(Net.java:436)
	at sun.nio.ch.ServerSocketChannelImpl.bind(ServerSocketChannelImpl.java:225)
	at sun.nio.ch.ServerSocketAdaptor.bind(ServerSocketAdaptor.java:74)
	at org.apache.tomcat.util.net.NioEndpoint.initServerSocket(NioEndpoint.java:236)
	at org.apache.tomcat.util.net.NioEndpoint.bind(NioEndpoint.java:210)
	at org.apache.tomcat.util.net.AbstractEndpoint.start(AbstractEndpoint.java:1108)
	at org.apache.coyote.AbstractProtocol.start(AbstractProtocol.java:550)
	at org.apache.catalina.connector.Connector.startInternal(Connector.java:957)
	... 14 common frames omitted
2021-03-17 14:26:07.149 [main] INFO  org.apache.catalina.core.StandardService - Stopping service [Tomcat]
2021-03-17 14:26:07.162 [main] INFO  o.s.boot.autoconfigure.logging.ConditionEvaluationReportLoggingListener - 

Error starting ApplicationContext. To display the conditions report re-run your application with 'debug' enabled.
2021-03-17 14:26:07.168 [main] ERROR org.springframework.boot.diagnostics.LoggingFailureAnalysisReporter - 

***************************
APPLICATION FAILED TO START
***************************

Description:

The Tomcat connector configured to listen on port 8890 failed to start. The port may already be in use or the connector may be misconfigured.

Action:

Verify the connector's configuration, identify and stop any process that's listening on port 8890, or configure this application to listen on another port.

2021-03-17 14:26:07.172 [main] INFO  org.springframework.scheduling.concurrent.ThreadPoolTaskScheduler - Shutting down ExecutorService 'taskScheduler'
2021-03-17 14:26:07.173 [main] INFO  org.springframework.scheduling.concurrent.ThreadPoolTaskExecutor - Shutting down ExecutorService 'applicationTaskExecutor'
2021-03-17 14:26:07.177 [main] WARN  org.springframework.context.annotation.CommonAnnotationBeanPostProcessor - Destroy method on bean with name 'application' threw an exception: java.lang.NullPointerException
2021-03-17 14:26:20.718 [main] INFO  com.course.Application - Starting Application on LAPTOP-K7BKCQK9 with PID 7460 (D:\IdeaProjects\javaautotest\Chaper13\target\classes started by liliking in D:\IdeaProjects\javaautotest)
2021-03-17 14:26:20.724 [main] INFO  com.course.Application - No active profile set, falling back to default profiles: default
2021-03-17 14:26:21.565 [main] WARN  org.mybatis.spring.mapper.ClassPathMapperScanner - No MyBatis mapper was found in '[com.course]' package. Please check your configuration.
2021-03-17 14:26:21.769 [main] INFO  o.s.context.support.PostProcessorRegistrationDelegate$BeanPostProcessorChecker - Bean 'org.springframework.transaction.annotation.ProxyTransactionManagementConfiguration' of type [org.springframework.transaction.annotation.ProxyTransactionManagementConfiguration$$EnhancerBySpringCGLIB$$a84f5b39] is not eligible for getting processed by all BeanPostProcessors (for example: not eligible for auto-proxying)
2021-03-17 14:26:21.994 [main] INFO  org.springframework.boot.web.embedded.tomcat.TomcatWebServer - Tomcat initialized with port(s): 8890 (http)
2021-03-17 14:26:22.004 [main] INFO  org.apache.catalina.core.StandardService - Starting service [Tomcat]
2021-03-17 14:26:22.004 [main] INFO  org.apache.catalina.core.StandardEngine - Starting Servlet Engine: Apache Tomcat/9.0.12
2021-03-17 14:26:22.009 [main] INFO  org.apache.catalina.core.AprLifecycleListener - The APR based Apache Tomcat Native library which allows optimal performance in production environments was not found on the java.library.path: [C:\Program Files\Java\jdk1.8.0_281\bin;C:\Windows\Sun\Java\bin;C:\Windows\system32;C:\Windows;C:\Program Files\Java\jdk1.8.0_281\bin;C:\Program Files\Java\jdk1.8.0_281\jre\bin;C:\Program Files (x86)\Common Files\Oracle\Java\javapath;D:\Python39\Scripts\;D:\Python39\;C:\Users\liliking\python38\;C:\Users\liliking\python38\Scripts\;C:\Program Files\Python39\Scripts\;C:\Program Files\Python39\;C:\Program Files (x86)\NetSarang\Xshell 6\;C:\Windows\system32;C:\Windows;C:\Windows\System32\Wbem;C:\Windows\System32\WindowsPowerShell\v1.0\;C:\Windows\System32\OpenSSH\;D:\allure-2.13.5\bin;C:\Users\liliking\Python38\;C:\Users\liliking\Python38\Scripts;D:\Snipaste-2.5.6-Beta-x64;D:\apache-maven-3.6.3\apache-maven-3.6.3\bin;D:\Git\cmd;C:\Users\liliking\python38\Scripts\;C:\Users\liliking\python38\;C:\Users\liliking\Scripts\;C:\Users\liliking\;C:\Users\liliking\AppData\Local\Microsoft\WindowsApps;;D:\PyCharm Community Edition 2020.3.3\bin;;D:\Fiddler;D:\idea-3\IntelliJ IDEA 2020.1.1\bin;;.]
2021-03-17 14:26:22.097 [main] INFO  org.apache.catalina.core.ContainerBase.[Tomcat].[localhost].[/] - Initializing Spring embedded WebApplicationContext
2021-03-17 14:26:22.097 [main] INFO  org.springframework.web.context.ContextLoader - Root WebApplicationContext: initialization completed in 1322 ms
2021-03-17 14:26:22.118 [main] INFO  org.springframework.boot.web.servlet.ServletRegistrationBean - Servlet dispatcherServlet mapped to [/]
2021-03-17 14:26:22.121 [main] INFO  org.springframework.boot.web.servlet.FilterRegistrationBean - Mapping filter: 'characterEncodingFilter' to: [/*]
2021-03-17 14:26:22.122 [main] INFO  org.springframework.boot.web.servlet.FilterRegistrationBean - Mapping filter: 'hiddenHttpMethodFilter' to: [/*]
2021-03-17 14:26:22.122 [main] INFO  org.springframework.boot.web.servlet.FilterRegistrationBean - Mapping filter: 'formContentFilter' to: [/*]
2021-03-17 14:26:22.122 [main] INFO  org.springframework.boot.web.servlet.FilterRegistrationBean - Mapping filter: 'requestContextFilter' to: [/*]
2021-03-17 14:26:22.571 [main] INFO  springfox.documentation.spring.web.PropertySourcedRequestMappingHandlerMapping - Mapped URL path [/v2/api-docs] onto method [public org.springframework.http.ResponseEntity<springfox.documentation.spring.web.json.Json> springfox.documentation.swagger2.web.Swagger2Controller.getDocumentation(java.lang.String,javax.servlet.http.HttpServletRequest)]
2021-03-17 14:26:22.658 [main] INFO  org.springframework.scheduling.concurrent.ThreadPoolTaskExecutor - Initializing ExecutorService 'applicationTaskExecutor'
2021-03-17 14:26:22.755 [main] INFO  org.springframework.scheduling.concurrent.ThreadPoolTaskScheduler - Initializing ExecutorService 'taskScheduler'
2021-03-17 14:26:22.788 [main] INFO  springfox.documentation.spring.web.plugins.DocumentationPluginsBootstrapper - Context refreshed
2021-03-17 14:26:22.800 [main] INFO  springfox.documentation.spring.web.plugins.DocumentationPluginsBootstrapper - Found 1 custom documentation plugin(s)
2021-03-17 14:26:22.821 [main] INFO  springfox.documentation.spring.web.scanners.ApiListingReferenceScanner - Scanning for api listing references
2021-03-17 14:26:22.947 [main] ERROR org.apache.catalina.util.LifecycleBase - Failed to start component [Connector[HTTP/1.1-8890]]
org.apache.catalina.LifecycleException: Protocol handler start failed
	at org.apache.catalina.connector.Connector.startInternal(Connector.java:960)
	at org.apache.catalina.util.LifecycleBase.start(LifecycleBase.java:183)
	at org.apache.catalina.core.StandardService.addConnector(StandardService.java:225)
	at org.springframework.boot.web.embedded.tomcat.TomcatWebServer.addPreviouslyRemovedConnectors(TomcatWebServer.java:259)
	at org.springframework.boot.web.embedded.tomcat.TomcatWebServer.start(TomcatWebServer.java:197)
	at org.springframework.boot.web.servlet.context.ServletWebServerApplicationContext.startWebServer(ServletWebServerApplicationContext.java:300)
	at org.springframework.boot.web.servlet.context.ServletWebServerApplicationContext.finishRefresh(ServletWebServerApplicationContext.java:162)
	at org.springframework.context.support.AbstractApplicationContext.refresh(AbstractApplicationContext.java:549)
	at org.springframework.boot.web.servlet.context.ServletWebServerApplicationContext.refresh(ServletWebServerApplicationContext.java:140)
	at org.springframework.boot.SpringApplication.refresh(SpringApplication.java:775)
	at org.springframework.boot.SpringApplication.refreshContext(SpringApplication.java:397)
	at org.springframework.boot.SpringApplication.run(SpringApplication.java:316)
	at org.springframework.boot.SpringApplication.run(SpringApplication.java:1260)
	at org.springframework.boot.SpringApplication.run(SpringApplication.java:1248)
	at com.course.Application.main(Application.java:17)
Caused by: java.net.BindException: Address already in use: bind
	at sun.nio.ch.Net.bind0(Native Method)
	at sun.nio.ch.Net.bind(Net.java:444)
	at sun.nio.ch.Net.bind(Net.java:436)
	at sun.nio.ch.ServerSocketChannelImpl.bind(ServerSocketChannelImpl.java:225)
	at sun.nio.ch.ServerSocketAdaptor.bind(ServerSocketAdaptor.java:74)
	at org.apache.tomcat.util.net.NioEndpoint.initServerSocket(NioEndpoint.java:236)
	at org.apache.tomcat.util.net.NioEndpoint.bind(NioEndpoint.java:210)
	at org.apache.tomcat.util.net.AbstractEndpoint.start(AbstractEndpoint.java:1108)
	at org.apache.coyote.AbstractProtocol.start(AbstractProtocol.java:550)
	at org.apache.catalina.connector.Connector.startInternal(Connector.java:957)
	... 14 common frames omitted
2021-03-17 14:26:22.951 [main] INFO  org.apache.catalina.core.StandardService - Stopping service [Tomcat]
2021-03-17 14:26:22.957 [main] INFO  o.s.boot.autoconfigure.logging.ConditionEvaluationReportLoggingListener - 

Error starting ApplicationContext. To display the conditions report re-run your application with 'debug' enabled.
2021-03-17 14:26:22.960 [main] ERROR org.springframework.boot.diagnostics.LoggingFailureAnalysisReporter - 

***************************
APPLICATION FAILED TO START
***************************

Description:

The Tomcat connector configured to listen on port 8890 failed to start. The port may already be in use or the connector may be misconfigured.

Action:

Verify the connector's configuration, identify and stop any process that's listening on port 8890, or configure this application to listen on another port.

2021-03-17 14:26:22.962 [main] INFO  org.springframework.scheduling.concurrent.ThreadPoolTaskScheduler - Shutting down ExecutorService 'taskScheduler'
2021-03-17 14:26:22.963 [main] INFO  org.springframework.scheduling.concurrent.ThreadPoolTaskExecutor - Shutting down ExecutorService 'applicationTaskExecutor'
2021-03-17 14:26:22.964 [main] WARN  org.springframework.context.annotation.CommonAnnotationBeanPostProcessor - Destroy method on bean with name 'application' threw an exception: java.lang.NullPointerException
2021-03-17 14:31:14.681 [main] INFO  com.course.Application - Starting Application on LAPTOP-K7BKCQK9 with PID 13656 (D:\IdeaProjects\javaautotest\Chaper13\target\classes started by liliking in D:\IdeaProjects\javaautotest)
2021-03-17 14:31:14.686 [main] INFO  com.course.Application - No active profile set, falling back to default profiles: default
2021-03-17 14:31:15.454 [main] WARN  org.mybatis.spring.mapper.ClassPathMapperScanner - No MyBatis mapper was found in '[com.course]' package. Please check your configuration.
2021-03-17 14:31:15.647 [main] INFO  o.s.context.support.PostProcessorRegistrationDelegate$BeanPostProcessorChecker - Bean 'org.springframework.transaction.annotation.ProxyTransactionManagementConfiguration' of type [org.springframework.transaction.annotation.ProxyTransactionManagementConfiguration$$EnhancerBySpringCGLIB$$bd646f67] is not eligible for getting processed by all BeanPostProcessors (for example: not eligible for auto-proxying)
2021-03-17 14:31:15.860 [main] INFO  org.springframework.boot.web.embedded.tomcat.TomcatWebServer - Tomcat initialized with port(s): 8890 (http)
2021-03-17 14:31:15.872 [main] INFO  org.apache.catalina.core.StandardService - Starting service [Tomcat]
2021-03-17 14:31:15.872 [main] INFO  org.apache.catalina.core.StandardEngine - Starting Servlet Engine: Apache Tomcat/9.0.12
2021-03-17 14:31:15.877 [main] INFO  org.apache.catalina.core.AprLifecycleListener - The APR based Apache Tomcat Native library which allows optimal performance in production environments was not found on the java.library.path: [C:\Program Files\Java\jdk1.8.0_281\bin;C:\Windows\Sun\Java\bin;C:\Windows\system32;C:\Windows;C:\Program Files\Java\jdk1.8.0_281\bin;C:\Program Files\Java\jdk1.8.0_281\jre\bin;C:\Program Files (x86)\Common Files\Oracle\Java\javapath;D:\Python39\Scripts\;D:\Python39\;C:\Users\liliking\python38\;C:\Users\liliking\python38\Scripts\;C:\Program Files\Python39\Scripts\;C:\Program Files\Python39\;C:\Program Files (x86)\NetSarang\Xshell 6\;C:\Windows\system32;C:\Windows;C:\Windows\System32\Wbem;C:\Windows\System32\WindowsPowerShell\v1.0\;C:\Windows\System32\OpenSSH\;D:\allure-2.13.5\bin;C:\Users\liliking\Python38\;C:\Users\liliking\Python38\Scripts;D:\Snipaste-2.5.6-Beta-x64;D:\apache-maven-3.6.3\apache-maven-3.6.3\bin;D:\Git\cmd;C:\Users\liliking\python38\Scripts\;C:\Users\liliking\python38\;C:\Users\liliking\Scripts\;C:\Users\liliking\;C:\Users\liliking\AppData\Local\Microsoft\WindowsApps;;D:\PyCharm Community Edition 2020.3.3\bin;;D:\Fiddler;D:\idea-3\IntelliJ IDEA 2020.1.1\bin;;.]
2021-03-17 14:31:15.962 [main] INFO  org.apache.catalina.core.ContainerBase.[Tomcat].[localhost].[/] - Initializing Spring embedded WebApplicationContext
2021-03-17 14:31:15.963 [main] INFO  org.springframework.web.context.ContextLoader - Root WebApplicationContext: initialization completed in 1233 ms
2021-03-17 14:31:15.984 [main] INFO  org.springframework.boot.web.servlet.ServletRegistrationBean - Servlet dispatcherServlet mapped to [/]
2021-03-17 14:31:15.987 [main] INFO  org.springframework.boot.web.servlet.FilterRegistrationBean - Mapping filter: 'characterEncodingFilter' to: [/*]
2021-03-17 14:31:15.988 [main] INFO  org.springframework.boot.web.servlet.FilterRegistrationBean - Mapping filter: 'hiddenHttpMethodFilter' to: [/*]
2021-03-17 14:31:15.988 [main] INFO  org.springframework.boot.web.servlet.FilterRegistrationBean - Mapping filter: 'formContentFilter' to: [/*]
2021-03-17 14:31:15.988 [main] INFO  org.springframework.boot.web.servlet.FilterRegistrationBean - Mapping filter: 'requestContextFilter' to: [/*]
2021-03-17 14:31:16.428 [main] INFO  springfox.documentation.spring.web.PropertySourcedRequestMappingHandlerMapping - Mapped URL path [/v2/api-docs] onto method [public org.springframework.http.ResponseEntity<springfox.documentation.spring.web.json.Json> springfox.documentation.swagger2.web.Swagger2Controller.getDocumentation(java.lang.String,javax.servlet.http.HttpServletRequest)]
2021-03-17 14:31:16.517 [main] INFO  org.springframework.scheduling.concurrent.ThreadPoolTaskExecutor - Initializing ExecutorService 'applicationTaskExecutor'
2021-03-17 14:31:16.615 [main] INFO  org.springframework.scheduling.concurrent.ThreadPoolTaskScheduler - Initializing ExecutorService 'taskScheduler'
2021-03-17 14:31:16.649 [main] INFO  springfox.documentation.spring.web.plugins.DocumentationPluginsBootstrapper - Context refreshed
2021-03-17 14:31:16.660 [main] INFO  springfox.documentation.spring.web.plugins.DocumentationPluginsBootstrapper - Found 1 custom documentation plugin(s)
2021-03-17 14:31:16.681 [main] INFO  springfox.documentation.spring.web.scanners.ApiListingReferenceScanner - Scanning for api listing references
2021-03-17 14:31:16.839 [main] INFO  org.springframework.boot.web.embedded.tomcat.TomcatWebServer - Tomcat started on port(s): 8890 (http) with context path ''
2021-03-17 14:31:16.842 [main] INFO  com.course.Application - Started Application in 2.584 seconds (JVM running for 3.461)
2021-03-17 14:31:33.599 [http-nio-8890-exec-1] INFO  org.apache.catalina.core.ContainerBase.[Tomcat].[localhost].[/] - Initializing Spring DispatcherServlet 'dispatcherServlet'
2021-03-17 14:31:33.599 [http-nio-8890-exec-1] INFO  org.springframework.web.servlet.DispatcherServlet - Initializing Servlet 'dispatcherServlet'
2021-03-17 14:31:33.604 [http-nio-8890-exec-1] INFO  org.springframework.web.servlet.DispatcherServlet - Completed initialization in 5 ms
2021-03-17 14:31:33.664 [http-nio-8890-exec-1] INFO  com.zaxxer.hikari.HikariDataSource - HikariPool-1 - Starting...
2021-03-17 14:31:33.867 [http-nio-8890-exec-1] INFO  com.zaxxer.hikari.HikariDataSource - HikariPool-1 - Start completed.
2021-03-17 14:44:33.611 [main] INFO  com.course.Application - Starting Application on LAPTOP-K7BKCQK9 with PID 15060 (D:\IdeaProjects\javaautotest\Chaper13\target\classes started by liliking in D:\IdeaProjects\javaautotest)
2021-03-17 14:44:33.616 [main] INFO  com.course.Application - No active profile set, falling back to default profiles: default
2021-03-17 14:44:34.454 [main] WARN  org.mybatis.spring.mapper.ClassPathMapperScanner - No MyBatis mapper was found in '[com.course]' package. Please check your configuration.
2021-03-17 14:44:34.643 [main] INFO  o.s.context.support.PostProcessorRegistrationDelegate$BeanPostProcessorChecker - Bean 'org.springframework.transaction.annotation.ProxyTransactionManagementConfiguration' of type [org.springframework.transaction.annotation.ProxyTransactionManagementConfiguration$$EnhancerBySpringCGLIB$$342c47e9] is not eligible for getting processed by all BeanPostProcessors (for example: not eligible for auto-proxying)
2021-03-17 14:44:34.860 [main] INFO  org.springframework.boot.web.embedded.tomcat.TomcatWebServer - Tomcat initialized with port(s): 8890 (http)
2021-03-17 14:44:34.872 [main] INFO  org.apache.catalina.core.StandardService - Starting service [Tomcat]
2021-03-17 14:44:34.873 [main] INFO  org.apache.catalina.core.StandardEngine - Starting Servlet Engine: Apache Tomcat/9.0.12
2021-03-17 14:44:34.878 [main] INFO  org.apache.catalina.core.AprLifecycleListener - The APR based Apache Tomcat Native library which allows optimal performance in production environments was not found on the java.library.path: [C:\Program Files\Java\jdk1.8.0_281\bin;C:\Windows\Sun\Java\bin;C:\Windows\system32;C:\Windows;C:\Program Files\Java\jdk1.8.0_281\bin;C:\Program Files\Java\jdk1.8.0_281\jre\bin;C:\Program Files (x86)\Common Files\Oracle\Java\javapath;D:\Python39\Scripts\;D:\Python39\;C:\Users\liliking\python38\;C:\Users\liliking\python38\Scripts\;C:\Program Files\Python39\Scripts\;C:\Program Files\Python39\;C:\Program Files (x86)\NetSarang\Xshell 6\;C:\Windows\system32;C:\Windows;C:\Windows\System32\Wbem;C:\Windows\System32\WindowsPowerShell\v1.0\;C:\Windows\System32\OpenSSH\;D:\allure-2.13.5\bin;C:\Users\liliking\Python38\;C:\Users\liliking\Python38\Scripts;D:\Snipaste-2.5.6-Beta-x64;D:\apache-maven-3.6.3\apache-maven-3.6.3\bin;D:\Git\cmd;C:\Users\liliking\python38\Scripts\;C:\Users\liliking\python38\;C:\Users\liliking\Scripts\;C:\Users\liliking\;C:\Users\liliking\AppData\Local\Microsoft\WindowsApps;;D:\PyCharm Community Edition 2020.3.3\bin;;D:\Fiddler;D:\idea-3\IntelliJ IDEA 2020.1.1\bin;;.]
2021-03-17 14:44:35.031 [main] INFO  org.apache.catalina.core.ContainerBase.[Tomcat].[localhost].[/] - Initializing Spring embedded WebApplicationContext
2021-03-17 14:44:35.032 [main] INFO  org.springframework.web.context.ContextLoader - Root WebApplicationContext: initialization completed in 1358 ms
2021-03-17 14:44:35.063 [main] INFO  org.springframework.boot.web.servlet.ServletRegistrationBean - Servlet dispatcherServlet mapped to [/]
2021-03-17 14:44:35.069 [main] INFO  org.springframework.boot.web.servlet.FilterRegistrationBean - Mapping filter: 'characterEncodingFilter' to: [/*]
2021-03-17 14:44:35.070 [main] INFO  org.springframework.boot.web.servlet.FilterRegistrationBean - Mapping filter: 'hiddenHttpMethodFilter' to: [/*]
2021-03-17 14:44:35.070 [main] INFO  org.springframework.boot.web.servlet.FilterRegistrationBean - Mapping filter: 'formContentFilter' to: [/*]
2021-03-17 14:44:35.070 [main] INFO  org.springframework.boot.web.servlet.FilterRegistrationBean - Mapping filter: 'requestContextFilter' to: [/*]
2021-03-17 14:44:35.690 [main] INFO  springfox.documentation.spring.web.PropertySourcedRequestMappingHandlerMapping - Mapped URL path [/v2/api-docs] onto method [public org.springframework.http.ResponseEntity<springfox.documentation.spring.web.json.Json> springfox.documentation.swagger2.web.Swagger2Controller.getDocumentation(java.lang.String,javax.servlet.http.HttpServletRequest)]
2021-03-17 14:44:35.776 [main] INFO  org.springframework.scheduling.concurrent.ThreadPoolTaskExecutor - Initializing ExecutorService 'applicationTaskExecutor'
2021-03-17 14:44:35.874 [main] INFO  org.springframework.scheduling.concurrent.ThreadPoolTaskScheduler - Initializing ExecutorService 'taskScheduler'
2021-03-17 14:44:35.907 [main] INFO  springfox.documentation.spring.web.plugins.DocumentationPluginsBootstrapper - Context refreshed
2021-03-17 14:44:35.919 [main] INFO  springfox.documentation.spring.web.plugins.DocumentationPluginsBootstrapper - Found 1 custom documentation plugin(s)
2021-03-17 14:44:35.941 [main] INFO  springfox.documentation.spring.web.scanners.ApiListingReferenceScanner - Scanning for api listing references
2021-03-17 14:44:36.088 [main] INFO  org.springframework.boot.web.embedded.tomcat.TomcatWebServer - Tomcat started on port(s): 8890 (http) with context path ''
2021-03-17 14:44:36.091 [main] INFO  com.course.Application - Started Application in 3.034 seconds (JVM running for 4.172)
2021-03-17 14:45:58.139 [http-nio-8890-exec-1] INFO  org.apache.catalina.core.ContainerBase.[Tomcat].[localhost].[/] - Initializing Spring DispatcherServlet 'dispatcherServlet'
2021-03-17 14:45:58.139 [http-nio-8890-exec-1] INFO  org.springframework.web.servlet.DispatcherServlet - Initializing Servlet 'dispatcherServlet'
2021-03-17 14:45:58.144 [http-nio-8890-exec-1] INFO  org.springframework.web.servlet.DispatcherServlet - Completed initialization in 5 ms
2021-03-17 14:45:58.198 [http-nio-8890-exec-1] INFO  com.zaxxer.hikari.HikariDataSource - HikariPool-1 - Starting...
2021-03-17 14:45:58.354 [http-nio-8890-exec-1] INFO  com.zaxxer.hikari.HikariDataSource - HikariPool-1 - Start completed.
2021-03-17 14:53:44.634 [main] INFO  com.course.Application - Starting Application on LAPTOP-K7BKCQK9 with PID 17024 (D:\IdeaProjects\javaautotest\Chaper13\target\classes started by liliking in D:\IdeaProjects\javaautotest)
2021-03-17 14:53:44.640 [main] INFO  com.course.Application - No active profile set, falling back to default profiles: default
2021-03-17 14:53:45.478 [main] WARN  org.mybatis.spring.mapper.ClassPathMapperScanner - No MyBatis mapper was found in '[com.course]' package. Please check your configuration.
2021-03-17 14:53:45.687 [main] INFO  o.s.context.support.PostProcessorRegistrationDelegate$BeanPostProcessorChecker - Bean 'org.springframework.transaction.annotation.ProxyTransactionManagementConfiguration' of type [org.springframework.transaction.annotation.ProxyTransactionManagementConfiguration$$EnhancerBySpringCGLIB$$f441b3f] is not eligible for getting processed by all BeanPostProcessors (for example: not eligible for auto-proxying)
2021-03-17 14:53:45.909 [main] INFO  org.springframework.boot.web.embedded.tomcat.TomcatWebServer - Tomcat initialized with port(s): 8890 (http)
2021-03-17 14:53:45.921 [main] INFO  org.apache.catalina.core.StandardService - Starting service [Tomcat]
2021-03-17 14:53:45.922 [main] INFO  org.apache.catalina.core.StandardEngine - Starting Servlet Engine: Apache Tomcat/9.0.12
2021-03-17 14:53:45.926 [main] INFO  org.apache.catalina.core.AprLifecycleListener - The APR based Apache Tomcat Native library which allows optimal performance in production environments was not found on the java.library.path: [C:\Program Files\Java\jdk1.8.0_281\bin;C:\Windows\Sun\Java\bin;C:\Windows\system32;C:\Windows;C:\Program Files\Java\jdk1.8.0_281\bin;C:\Program Files\Java\jdk1.8.0_281\jre\bin;C:\Program Files (x86)\Common Files\Oracle\Java\javapath;D:\Python39\Scripts\;D:\Python39\;C:\Users\liliking\python38\;C:\Users\liliking\python38\Scripts\;C:\Program Files\Python39\Scripts\;C:\Program Files\Python39\;C:\Program Files (x86)\NetSarang\Xshell 6\;C:\Windows\system32;C:\Windows;C:\Windows\System32\Wbem;C:\Windows\System32\WindowsPowerShell\v1.0\;C:\Windows\System32\OpenSSH\;D:\allure-2.13.5\bin;C:\Users\liliking\Python38\;C:\Users\liliking\Python38\Scripts;D:\Snipaste-2.5.6-Beta-x64;D:\apache-maven-3.6.3\apache-maven-3.6.3\bin;D:\Git\cmd;C:\Users\liliking\python38\Scripts\;C:\Users\liliking\python38\;C:\Users\liliking\Scripts\;C:\Users\liliking\;C:\Users\liliking\AppData\Local\Microsoft\WindowsApps;;D:\PyCharm Community Edition 2020.3.3\bin;;D:\Fiddler;D:\idea-3\IntelliJ IDEA 2020.1.1\bin;;.]
2021-03-17 14:53:46.016 [main] INFO  org.apache.catalina.core.ContainerBase.[Tomcat].[localhost].[/] - Initializing Spring embedded WebApplicationContext
2021-03-17 14:53:46.016 [main] INFO  org.springframework.web.context.ContextLoader - Root WebApplicationContext: initialization completed in 1313 ms
2021-03-17 14:53:46.039 [main] INFO  org.springframework.boot.web.servlet.ServletRegistrationBean - Servlet dispatcherServlet mapped to [/]
2021-03-17 14:53:46.043 [main] INFO  org.springframework.boot.web.servlet.FilterRegistrationBean - Mapping filter: 'characterEncodingFilter' to: [/*]
2021-03-17 14:53:46.043 [main] INFO  org.springframework.boot.web.servlet.FilterRegistrationBean - Mapping filter: 'hiddenHttpMethodFilter' to: [/*]
2021-03-17 14:53:46.043 [main] INFO  org.springframework.boot.web.servlet.FilterRegistrationBean - Mapping filter: 'formContentFilter' to: [/*]
2021-03-17 14:53:46.043 [main] INFO  org.springframework.boot.web.servlet.FilterRegistrationBean - Mapping filter: 'requestContextFilter' to: [/*]
2021-03-17 14:53:46.511 [main] INFO  springfox.documentation.spring.web.PropertySourcedRequestMappingHandlerMapping - Mapped URL path [/v2/api-docs] onto method [public org.springframework.http.ResponseEntity<springfox.documentation.spring.web.json.Json> springfox.documentation.swagger2.web.Swagger2Controller.getDocumentation(java.lang.String,javax.servlet.http.HttpServletRequest)]
2021-03-17 14:53:46.601 [main] INFO  org.springframework.scheduling.concurrent.ThreadPoolTaskExecutor - Initializing ExecutorService 'applicationTaskExecutor'
2021-03-17 14:53:46.703 [main] INFO  org.springframework.scheduling.concurrent.ThreadPoolTaskScheduler - Initializing ExecutorService 'taskScheduler'
2021-03-17 14:53:46.744 [main] INFO  springfox.documentation.spring.web.plugins.DocumentationPluginsBootstrapper - Context refreshed
2021-03-17 14:53:46.756 [main] INFO  springfox.documentation.spring.web.plugins.DocumentationPluginsBootstrapper - Found 1 custom documentation plugin(s)
2021-03-17 14:53:46.778 [main] INFO  springfox.documentation.spring.web.scanners.ApiListingReferenceScanner - Scanning for api listing references
2021-03-17 14:53:46.930 [main] INFO  org.springframework.boot.web.embedded.tomcat.TomcatWebServer - Tomcat started on port(s): 8890 (http) with context path ''
2021-03-17 14:53:46.933 [main] INFO  com.course.Application - Started Application in 2.773 seconds (JVM running for 3.743)
2021-03-17 14:58:45.691 [http-nio-8890-exec-1] INFO  org.apache.catalina.core.ContainerBase.[Tomcat].[localhost].[/] - Initializing Spring DispatcherServlet 'dispatcherServlet'
2021-03-17 14:58:45.691 [http-nio-8890-exec-1] INFO  org.springframework.web.servlet.DispatcherServlet - Initializing Servlet 'dispatcherServlet'
2021-03-17 14:58:45.696 [http-nio-8890-exec-1] INFO  org.springframework.web.servlet.DispatcherServlet - Completed initialization in 5 ms
2021-03-17 14:58:45.748 [http-nio-8890-exec-1] INFO  com.zaxxer.hikari.HikariDataSource - HikariPool-1 - Starting...
2021-03-17 14:58:45.942 [http-nio-8890-exec-1] INFO  com.zaxxer.hikari.HikariDataSource - HikariPool-1 - Start completed.
2021-03-17 15:03:21.201 [main] INFO  com.course.Application - Starting Application on LAPTOP-K7BKCQK9 with PID 14648 (D:\IdeaProjects\javaautotest\Chaper13\target\classes started by liliking in D:\IdeaProjects\javaautotest)
2021-03-17 15:03:21.206 [main] INFO  com.course.Application - No active profile set, falling back to default profiles: default
2021-03-17 15:03:22.012 [main] WARN  org.mybatis.spring.mapper.ClassPathMapperScanner - No MyBatis mapper was found in '[com.course]' package. Please check your configuration.
2021-03-17 15:03:22.201 [main] INFO  o.s.context.support.PostProcessorRegistrationDelegate$BeanPostProcessorChecker - Bean 'org.springframework.transaction.annotation.ProxyTransactionManagementConfiguration' of type [org.springframework.transaction.annotation.ProxyTransactionManagementConfiguration$$EnhancerBySpringCGLIB$$d8c84e1c] is not eligible for getting processed by all BeanPostProcessors (for example: not eligible for auto-proxying)
2021-03-17 15:03:22.414 [main] INFO  org.springframework.boot.web.embedded.tomcat.TomcatWebServer - Tomcat initialized with port(s): 8890 (http)
2021-03-17 15:03:22.425 [main] INFO  org.apache.catalina.core.StandardService - Starting service [Tomcat]
2021-03-17 15:03:22.426 [main] INFO  org.apache.catalina.core.StandardEngine - Starting Servlet Engine: Apache Tomcat/9.0.12
2021-03-17 15:03:22.430 [main] INFO  org.apache.catalina.core.AprLifecycleListener - The APR based Apache Tomcat Native library which allows optimal performance in production environments was not found on the java.library.path: [C:\Program Files\Java\jdk1.8.0_281\bin;C:\Windows\Sun\Java\bin;C:\Windows\system32;C:\Windows;C:\Program Files\Java\jdk1.8.0_281\bin;C:\Program Files\Java\jdk1.8.0_281\jre\bin;C:\Program Files (x86)\Common Files\Oracle\Java\javapath;D:\Python39\Scripts\;D:\Python39\;C:\Users\liliking\python38\;C:\Users\liliking\python38\Scripts\;C:\Program Files\Python39\Scripts\;C:\Program Files\Python39\;C:\Program Files (x86)\NetSarang\Xshell 6\;C:\Windows\system32;C:\Windows;C:\Windows\System32\Wbem;C:\Windows\System32\WindowsPowerShell\v1.0\;C:\Windows\System32\OpenSSH\;D:\allure-2.13.5\bin;C:\Users\liliking\Python38\;C:\Users\liliking\Python38\Scripts;D:\Snipaste-2.5.6-Beta-x64;D:\apache-maven-3.6.3\apache-maven-3.6.3\bin;D:\Git\cmd;C:\Users\liliking\python38\Scripts\;C:\Users\liliking\python38\;C:\Users\liliking\Scripts\;C:\Users\liliking\;C:\Users\liliking\AppData\Local\Microsoft\WindowsApps;;D:\PyCharm Community Edition 2020.3.3\bin;;D:\Fiddler;D:\idea-3\IntelliJ IDEA 2020.1.1\bin;;.]
2021-03-17 15:03:22.514 [main] INFO  org.apache.catalina.core.ContainerBase.[Tomcat].[localhost].[/] - Initializing Spring embedded WebApplicationContext
2021-03-17 15:03:22.515 [main] INFO  org.springframework.web.context.ContextLoader - Root WebApplicationContext: initialization completed in 1256 ms
2021-03-17 15:03:22.536 [main] INFO  org.springframework.boot.web.servlet.ServletRegistrationBean - Servlet dispatcherServlet mapped to [/]
2021-03-17 15:03:22.539 [main] INFO  org.springframework.boot.web.servlet.FilterRegistrationBean - Mapping filter: 'characterEncodingFilter' to: [/*]
2021-03-17 15:03:22.539 [main] INFO  org.springframework.boot.web.servlet.FilterRegistrationBean - Mapping filter: 'hiddenHttpMethodFilter' to: [/*]
2021-03-17 15:03:22.539 [main] INFO  org.springframework.boot.web.servlet.FilterRegistrationBean - Mapping filter: 'formContentFilter' to: [/*]
2021-03-17 15:03:22.539 [main] INFO  org.springframework.boot.web.servlet.FilterRegistrationBean - Mapping filter: 'requestContextFilter' to: [/*]
2021-03-17 15:03:23.033 [main] INFO  springfox.documentation.spring.web.PropertySourcedRequestMappingHandlerMapping - Mapped URL path [/v2/api-docs] onto method [public org.springframework.http.ResponseEntity<springfox.documentation.spring.web.json.Json> springfox.documentation.swagger2.web.Swagger2Controller.getDocumentation(java.lang.String,javax.servlet.http.HttpServletRequest)]
2021-03-17 15:03:23.133 [main] INFO  org.springframework.scheduling.concurrent.ThreadPoolTaskExecutor - Initializing ExecutorService 'applicationTaskExecutor'
2021-03-17 15:03:23.234 [main] INFO  org.springframework.scheduling.concurrent.ThreadPoolTaskScheduler - Initializing ExecutorService 'taskScheduler'
2021-03-17 15:03:23.268 [main] INFO  springfox.documentation.spring.web.plugins.DocumentationPluginsBootstrapper - Context refreshed
2021-03-17 15:03:23.280 [main] INFO  springfox.documentation.spring.web.plugins.DocumentationPluginsBootstrapper - Found 1 custom documentation plugin(s)
2021-03-17 15:03:23.301 [main] INFO  springfox.documentation.spring.web.scanners.ApiListingReferenceScanner - Scanning for api listing references
2021-03-17 15:03:23.448 [main] INFO  org.springframework.boot.web.embedded.tomcat.TomcatWebServer - Tomcat started on port(s): 8890 (http) with context path ''
2021-03-17 15:03:23.451 [main] INFO  com.course.Application - Started Application in 2.662 seconds (JVM running for 3.527)
2021-03-17 15:03:34.131 [http-nio-8890-exec-1] INFO  org.apache.catalina.core.ContainerBase.[Tomcat].[localhost].[/] - Initializing Spring DispatcherServlet 'dispatcherServlet'
2021-03-17 15:03:34.132 [http-nio-8890-exec-1] INFO  org.springframework.web.servlet.DispatcherServlet - Initializing Servlet 'dispatcherServlet'
2021-03-17 15:03:34.137 [http-nio-8890-exec-1] INFO  org.springframework.web.servlet.DispatcherServlet - Completed initialization in 5 ms
2021-03-17 15:03:34.187 [http-nio-8890-exec-1] INFO  com.zaxxer.hikari.HikariDataSource - HikariPool-1 - Starting...
2021-03-17 15:03:34.335 [http-nio-8890-exec-1] INFO  com.zaxxer.hikari.HikariDataSource - HikariPool-1 - Start completed.
2021-03-17 15:08:40.584 [main] INFO  com.course.Application - Starting Application on LAPTOP-K7BKCQK9 with PID 4960 (D:\IdeaProjects\javaautotest\Chaper13\target\classes started by liliking in D:\IdeaProjects\javaautotest)
2021-03-17 15:08:40.589 [main] INFO  com.course.Application - No active profile set, falling back to default profiles: default
2021-03-17 15:08:41.454 [main] WARN  org.mybatis.spring.mapper.ClassPathMapperScanner - No MyBatis mapper was found in '[com.course]' package. Please check your configuration.
2021-03-17 15:08:41.661 [main] INFO  o.s.context.support.PostProcessorRegistrationDelegate$BeanPostProcessorChecker - Bean 'org.springframework.transaction.annotation.ProxyTransactionManagementConfiguration' of type [org.springframework.transaction.annotation.ProxyTransactionManagementConfiguration$$EnhancerBySpringCGLIB$$aa024291] is not eligible for getting processed by all BeanPostProcessors (for example: not eligible for auto-proxying)
2021-03-17 15:08:41.878 [main] INFO  org.springframework.boot.web.embedded.tomcat.TomcatWebServer - Tomcat initialized with port(s): 8890 (http)
2021-03-17 15:08:41.890 [main] INFO  org.apache.catalina.core.StandardService - Starting service [Tomcat]
2021-03-17 15:08:41.890 [main] INFO  org.apache.catalina.core.StandardEngine - Starting Servlet Engine: Apache Tomcat/9.0.12
2021-03-17 15:08:41.895 [main] INFO  org.apache.catalina.core.AprLifecycleListener - The APR based Apache Tomcat Native library which allows optimal performance in production environments was not found on the java.library.path: [C:\Program Files\Java\jdk1.8.0_281\bin;C:\Windows\Sun\Java\bin;C:\Windows\system32;C:\Windows;C:\Program Files\Java\jdk1.8.0_281\bin;C:\Program Files\Java\jdk1.8.0_281\jre\bin;C:\Program Files (x86)\Common Files\Oracle\Java\javapath;D:\Python39\Scripts\;D:\Python39\;C:\Users\liliking\python38\;C:\Users\liliking\python38\Scripts\;C:\Program Files\Python39\Scripts\;C:\Program Files\Python39\;C:\Program Files (x86)\NetSarang\Xshell 6\;C:\Windows\system32;C:\Windows;C:\Windows\System32\Wbem;C:\Windows\System32\WindowsPowerShell\v1.0\;C:\Windows\System32\OpenSSH\;D:\allure-2.13.5\bin;C:\Users\liliking\Python38\;C:\Users\liliking\Python38\Scripts;D:\Snipaste-2.5.6-Beta-x64;D:\apache-maven-3.6.3\apache-maven-3.6.3\bin;D:\Git\cmd;C:\Users\liliking\python38\Scripts\;C:\Users\liliking\python38\;C:\Users\liliking\Scripts\;C:\Users\liliking\;C:\Users\liliking\AppData\Local\Microsoft\WindowsApps;;D:\PyCharm Community Edition 2020.3.3\bin;;D:\Fiddler;D:\idea-3\IntelliJ IDEA 2020.1.1\bin;;.]
2021-03-17 15:08:41.989 [main] INFO  org.apache.catalina.core.ContainerBase.[Tomcat].[localhost].[/] - Initializing Spring embedded WebApplicationContext
2021-03-17 15:08:41.990 [main] INFO  org.springframework.web.context.ContextLoader - Root WebApplicationContext: initialization completed in 1347 ms
2021-03-17 15:08:42.011 [main] INFO  org.springframework.boot.web.servlet.ServletRegistrationBean - Servlet dispatcherServlet mapped to [/]
2021-03-17 15:08:42.014 [main] INFO  org.springframework.boot.web.servlet.FilterRegistrationBean - Mapping filter: 'characterEncodingFilter' to: [/*]
2021-03-17 15:08:42.014 [main] INFO  org.springframework.boot.web.servlet.FilterRegistrationBean - Mapping filter: 'hiddenHttpMethodFilter' to: [/*]
2021-03-17 15:08:42.014 [main] INFO  org.springframework.boot.web.servlet.FilterRegistrationBean - Mapping filter: 'formContentFilter' to: [/*]
2021-03-17 15:08:42.014 [main] INFO  org.springframework.boot.web.servlet.FilterRegistrationBean - Mapping filter: 'requestContextFilter' to: [/*]
2021-03-17 15:08:42.515 [main] INFO  springfox.documentation.spring.web.PropertySourcedRequestMappingHandlerMapping - Mapped URL path [/v2/api-docs] onto method [public org.springframework.http.ResponseEntity<springfox.documentation.spring.web.json.Json> springfox.documentation.swagger2.web.Swagger2Controller.getDocumentation(java.lang.String,javax.servlet.http.HttpServletRequest)]
2021-03-17 15:08:42.603 [main] INFO  org.springframework.scheduling.concurrent.ThreadPoolTaskExecutor - Initializing ExecutorService 'applicationTaskExecutor'
2021-03-17 15:08:42.701 [main] INFO  org.springframework.scheduling.concurrent.ThreadPoolTaskScheduler - Initializing ExecutorService 'taskScheduler'
2021-03-17 15:08:42.734 [main] INFO  springfox.documentation.spring.web.plugins.DocumentationPluginsBootstrapper - Context refreshed
2021-03-17 15:08:42.746 [main] INFO  springfox.documentation.spring.web.plugins.DocumentationPluginsBootstrapper - Found 1 custom documentation plugin(s)
2021-03-17 15:08:42.766 [main] INFO  springfox.documentation.spring.web.scanners.ApiListingReferenceScanner - Scanning for api listing references
2021-03-17 15:08:42.922 [main] INFO  org.springframework.boot.web.embedded.tomcat.TomcatWebServer - Tomcat started on port(s): 8890 (http) with context path ''
2021-03-17 15:08:42.925 [main] INFO  com.course.Application - Started Application in 2.818 seconds (JVM running for 3.935)
2021-03-17 15:09:22.312 [http-nio-8890-exec-1] INFO  org.apache.catalina.core.ContainerBase.[Tomcat].[localhost].[/] - Initializing Spring DispatcherServlet 'dispatcherServlet'
2021-03-17 15:09:22.312 [http-nio-8890-exec-1] INFO  org.springframework.web.servlet.DispatcherServlet - Initializing Servlet 'dispatcherServlet'
2021-03-17 15:09:22.318 [http-nio-8890-exec-1] INFO  org.springframework.web.servlet.DispatcherServlet - Completed initialization in 5 ms
2021-03-17 15:09:22.369 [http-nio-8890-exec-1] INFO  com.zaxxer.hikari.HikariDataSource - HikariPool-1 - Starting...
2021-03-17 15:09:22.530 [http-nio-8890-exec-1] INFO  com.zaxxer.hikari.HikariDataSource - HikariPool-1 - Start completed.
